[INFO ] 08-05-2022 12:15:07.347 TC001_UserLogin - Chrome Browser is launched
[INFO ] 08-05-2022 12:15:08.573 TC001_UserLogin - Application opened successfully
[INFO ] 08-05-2022 12:15:11.130 TC001_UserLogin - User has logged into application successfully
[INFO ] 08-05-2022 12:15:12.091 TC001_UserLogin - Application closed successfully
[INFO ] 08-05-2022 12:16:20.250 TC002_ForgotYourPasswordLinkDisplayedTest - Chrome Browser is launched
[INFO ] 08-05-2022 12:16:21.480 TC002_ForgotYourPasswordLinkDisplayedTest - Application opened successfully
[INFO ] 08-05-2022 12:16:21.642 TC002_ForgotYourPasswordLinkDisplayedTest - Forgot your password? link is existing
[INFO ] 08-05-2022 12:16:22.521 TC002_ForgotYourPasswordLinkDisplayedTest - Application closed successfully
[INFO ] 08-05-2022 12:16:44.983 TC001_UserLogin - Chrome Browser is launched
[INFO ] 08-05-2022 12:16:46.144 TC001_UserLogin - Application opened successfully
[INFO ] 08-05-2022 12:16:48.468 TC001_UserLogin - User has logged into application successfully
[INFO ] 08-05-2022 12:16:49.339 TC001_UserLogin - Application closed successfully
[INFO ] 08-05-2022 12:20:42.438 TC001_UserLogin - Chrome Browser is launched
[INFO ] 08-05-2022 12:20:43.608 TC001_UserLogin - Application opened successfully
[INFO ] 08-05-2022 12:20:46.126 TC001_UserLogin - User has logged into application successfully
[INFO ] 08-05-2022 12:20:46.973 TC001_UserLogin - Application closed successfully
[INFO ] 08-05-2022 12:20:48.251 TC002_ForgotYourPasswordLinkDisplayedTest - Chrome Browser is launched
[INFO ] 08-05-2022 12:20:49.490 TC002_ForgotYourPasswordLinkDisplayedTest - Application opened successfully
[INFO ] 08-05-2022 12:20:49.586 TC002_ForgotYourPasswordLinkDisplayedTest - Forgot your password? link is existing
[INFO ] 08-05-2022 12:20:50.378 TC002_ForgotYourPasswordLinkDisplayedTest - Application closed successfully
[INFO ] 08-05-2022 12:25:38.826 TC001_UserLogin - Chrome Browser is launched
[INFO ] 08-05-2022 12:25:40.104 TC001_UserLogin - Application opened successfully
[INFO ] 08-05-2022 12:25:42.648 TC001_UserLogin - User has logged into application successfully
[INFO ] 08-05-2022 12:25:43.501 TC001_UserLogin - Application closed successfully
[INFO ] 08-05-2022 12:25:44.846 TC002_ForgotYourPasswordLinkDisplayedTest - Chrome Browser is launched
[INFO ] 08-05-2022 12:25:46.025 TC002_ForgotYourPasswordLinkDisplayedTest - Application opened successfully
[INFO ] 08-05-2022 12:25:46.115 TC002_ForgotYourPasswordLinkDisplayedTest - Forgot your password? link is existing
[INFO ] 08-05-2022 12:25:46.958 TC002_ForgotYourPasswordLinkDisplayedTest - Application closed successfully
[INFO ] 08-05-2022 12:26:18.172 TC001_UserLogin - Edge Browser is launched
[INFO ] 08-05-2022 12:26:19.452 TC001_UserLogin - Application opened successfully
[INFO ] 08-05-2022 12:26:21.708 TC001_UserLogin - User has logged into application successfully
[INFO ] 08-05-2022 12:26:22.702 TC001_UserLogin - Application closed successfully
[INFO ] 08-05-2022 12:26:24.009 TC002_ForgotYourPasswordLinkDisplayedTest - Edge Browser is launched
[INFO ] 08-05-2022 12:26:25.266 TC002_ForgotYourPasswordLinkDisplayedTest - Application opened successfully
[INFO ] 08-05-2022 12:26:25.370 TC002_ForgotYourPasswordLinkDisplayedTest - Forgot your password? link is existing
[INFO ] 08-05-2022 12:26:26.291 TC002_ForgotYourPasswordLinkDisplayedTest - Application closed successfully
[INFO ] 08-05-2022 12:26:51.380 TC001_UserLogin - Firefox Browser is launched
[INFO ] 08-05-2022 12:26:52.866 TC001_UserLogin - Application opened successfully
[INFO ] 08-05-2022 12:26:55.169 TC001_UserLogin - User has logged into application successfully
[INFO ] 08-05-2022 12:26:56.488 TC001_UserLogin - Application closed successfully
[INFO ] 08-05-2022 12:27:02.718 TC002_ForgotYourPasswordLinkDisplayedTest - Firefox Browser is launched
[INFO ] 08-05-2022 12:27:04.096 TC002_ForgotYourPasswordLinkDisplayedTest - Application opened successfully
[INFO ] 08-05-2022 12:27:04.219 TC002_ForgotYourPasswordLinkDisplayedTest - Forgot your password? link is existing
[INFO ] 08-05-2022 12:27:05.616 TC002_ForgotYourPasswordLinkDisplayedTest - Application closed successfully
[INFO ] 08-05-2022 12:33:26.964 TC001_UserLogin - Firefox Browser is launched
[INFO ] 08-05-2022 12:33:28.289 TC001_UserLogin - Application opened successfully
[INFO ] 08-05-2022 12:33:30.360 TC001_UserLogin - User has logged into application successfully
[INFO ] 08-05-2022 12:33:31.747 TC001_UserLogin - Application closed successfully
[INFO ] 08-05-2022 12:33:37.466 TC002_ForgotYourPasswordLinkDisplayedTest - Firefox Browser is launched
[INFO ] 08-05-2022 12:33:38.675 TC002_ForgotYourPasswordLinkDisplayedTest - Application opened successfully
[INFO ] 08-05-2022 12:33:38.806 TC002_ForgotYourPasswordLinkDisplayedTest - Forgot your password? link is existing
[INFO ] 08-05-2022 12:33:39.992 TC002_ForgotYourPasswordLinkDisplayedTest - Application closed successfully
[INFO ] 08-05-2022 12:36:18.920 TC001_UserLogin - Firefox Browser is launched
[INFO ] 08-05-2022 12:36:20.101 TC001_UserLogin - Application opened successfully
[INFO ] 08-05-2022 12:36:22.233 TC001_UserLogin - User has logged into application successfully
[INFO ] 08-05-2022 12:36:23.689 TC001_UserLogin - Application closed successfully
[INFO ] 08-05-2022 12:36:29.484 TC002_ForgotYourPasswordLinkDisplayedTest - Firefox Browser is launched
[INFO ] 08-05-2022 12:36:30.767 TC002_ForgotYourPasswordLinkDisplayedTest - Application opened successfully
[INFO ] 08-05-2022 12:36:30.881 TC002_ForgotYourPasswordLinkDisplayedTest - Forgot your password? link is existing
[INFO ] 08-05-2022 12:36:32.094 TC002_ForgotYourPasswordLinkDisplayedTest - Application closed successfully
[INFO ] 08-05-2022 12:38:24.260 TC001_UserLogin - Firefox Browser is launched
[INFO ] 08-05-2022 12:38:25.614 TC001_UserLogin - Application opened successfully
[INFO ] 08-05-2022 12:38:27.885 TC001_UserLogin - User has logged into application successfully
[INFO ] 08-05-2022 12:38:29.361 TC001_UserLogin - Application closed successfully
[INFO ] 08-05-2022 12:38:34.557 TC002_ForgotYourPasswordLinkDisplayedTest - Firefox Browser is launched
[INFO ] 08-05-2022 12:38:35.892 TC002_ForgotYourPasswordLinkDisplayedTest - Application opened successfully
[INFO ] 08-05-2022 12:38:36.017 TC002_ForgotYourPasswordLinkDisplayedTest - Forgot your password? link is existing
[INFO ] 08-05-2022 12:38:37.387 TC002_ForgotYourPasswordLinkDisplayedTest - Application closed successfully
[INFO ] 08-05-2022 12:43:13.199 TC001_UserLogin - Firefox Browser is launched
[INFO ] 08-05-2022 12:43:14.360 TC001_UserLogin - Application opened successfully
[INFO ] 08-05-2022 12:43:16.565 TC001_UserLogin - User has logged into application successfully
[INFO ] 08-05-2022 12:43:17.961 TC001_UserLogin - Application closed successfully
[INFO ] 08-05-2022 12:43:23.556 TC002_ForgotYourPasswordLinkDisplayedTest - Firefox Browser is launched
[INFO ] 08-05-2022 12:43:24.911 TC002_ForgotYourPasswordLinkDisplayedTest - Application opened successfully
[INFO ] 08-05-2022 12:43:25.055 TC002_ForgotYourPasswordLinkDisplayedTest - Forgot your password? link is existing
[INFO ] 08-05-2022 12:43:26.260 TC002_ForgotYourPasswordLinkDisplayedTest - Application closed successfully
